mode: set
github.com/misham/linear-cli/internal/cmd/cycle/add_issue.go:13.56,18.55 1 1
github.com/misham/linear-cli/internal/cmd/cycle/add_issue.go:18.55,20.18 2 1
github.com/misham/linear-cli/internal/cmd/cycle/add_issue.go:20.18,22.5 1 0
github.com/misham/linear-cli/internal/cmd/cycle/add_issue.go:24.4,25.18 2 1
github.com/misham/linear-cli/internal/cmd/cycle/add_issue.go:25.18,27.5 1 0
github.com/misham/linear-cli/internal/cmd/cycle/add_issue.go:29.4,33.18 3 1
github.com/misham/linear-cli/internal/cmd/cycle/add_issue.go:33.18,35.5 1 0
github.com/misham/linear-cli/internal/cmd/cycle/add_issue.go:37.4,38.14 2 1
github.com/misham/linear-cli/internal/cmd/cycle/add_issue.go:43.108,44.57 1 1
github.com/misham/linear-cli/internal/cmd/cycle/add_issue.go:44.57,46.17 2 1
github.com/misham/linear-cli/internal/cmd/cycle/add_issue.go:46.17,48.4 1 0
github.com/misham/linear-cli/internal/cmd/cycle/add_issue.go:49.3,50.17 2 1
github.com/misham/linear-cli/internal/cmd/cycle/add_issue.go:50.17,52.4 1 0
github.com/misham/linear-cli/internal/cmd/cycle/add_issue.go:53.3,53.23 1 1
github.com/misham/linear-cli/internal/cmd/cycle/add_issue.go:55.2,55.17 1 0
github.com/misham/linear-cli/internal/cmd/cycle/current.go:14.55,18.55 1 1
github.com/misham/linear-cli/internal/cmd/cycle/current.go:18.55,20.18 2 1
github.com/misham/linear-cli/internal/cmd/cycle/current.go:20.18,22.5 1 0
github.com/misham/linear-cli/internal/cmd/cycle/current.go:24.4,25.18 2 1
github.com/misham/linear-cli/internal/cmd/cycle/current.go:25.18,27.5 1 0
github.com/misham/linear-cli/internal/cmd/cycle/current.go:29.4,30.18 2 1
github.com/misham/linear-cli/internal/cmd/cycle/current.go:30.18,31.45 1 1
github.com/misham/linear-cli/internal/cmd/cycle/current.go:31.45,34.6 2 1
github.com/misham/linear-cli/internal/cmd/cycle/current.go:35.5,35.51 1 0
github.com/misham/linear-cli/internal/cmd/cycle/current.go:38.4,38.43 1 1
github.com/misham/linear-cli/internal/cmd/cycle/cycle.go:10.53,24.2 7 0
github.com/misham/linear-cli/internal/cmd/cycle/list.go:12.52,19.55 2 1
github.com/misham/linear-cli/internal/cmd/cycle/list.go:19.55,21.18 2 1
github.com/misham/linear-cli/internal/cmd/cycle/list.go:21.18,23.5 1 0
github.com/misham/linear-cli/internal/cmd/cycle/list.go:25.4,26.18 2 1
github.com/misham/linear-cli/internal/cmd/cycle/list.go:26.18,28.5 1 0
github.com/misham/linear-cli/internal/cmd/cycle/list.go:30.4,31.18 2 1
github.com/misham/linear-cli/internal/cmd/cycle/list.go:31.18,33.5 1 0
github.com/misham/linear-cli/internal/cmd/cycle/list.go:35.4,35.46 1 1
github.com/misham/linear-cli/internal/cmd/cycle/list.go:39.2,41.12 2 1
github.com/misham/linear-cli/internal/cmd/cycle/remove_issue.go:12.59,17.55 1 1
github.com/misham/linear-cli/internal/cmd/cycle/remove_issue.go:17.55,19.18 2 1
github.com/misham/linear-cli/internal/cmd/cycle/remove_issue.go:19.18,21.5 1 0
github.com/misham/linear-cli/internal/cmd/cycle/remove_issue.go:23.4,28.18 4 1
github.com/misham/linear-cli/internal/cmd/cycle/remove_issue.go:28.18,30.5 1 0
github.com/misham/linear-cli/internal/cmd/cycle/remove_issue.go:32.4,33.14 2 1
github.com/misham/linear-cli/internal/cmd/cycle/view.go:13.52,18.55 1 1
github.com/misham/linear-cli/internal/cmd/cycle/view.go:18.55,20.18 2 1
github.com/misham/linear-cli/internal/cmd/cycle/view.go:20.18,22.5 1 0
github.com/misham/linear-cli/internal/cmd/cycle/view.go:24.4,27.59 2 1
github.com/misham/linear-cli/internal/cmd/cycle/view.go:27.59,29.19 2 1
github.com/misham/linear-cli/internal/cmd/cycle/view.go:29.19,31.6 1 0
github.com/misham/linear-cli/internal/cmd/cycle/view.go:32.5,33.19 2 1
github.com/misham/linear-cli/internal/cmd/cycle/view.go:33.19,35.6 1 0
github.com/misham/linear-cli/internal/cmd/cycle/view.go:36.5,36.44 1 1
github.com/misham/linear-cli/internal/cmd/cycle/view.go:40.4,41.18 2 1
github.com/misham/linear-cli/internal/cmd/cycle/view.go:41.18,43.5 1 0
github.com/misham/linear-cli/internal/cmd/cycle/view.go:44.4,44.43 1 1
github.com/misham/linear-cli/internal/ui/comment.go:12.66,13.24 1 1
github.com/misham/linear-cli/internal/ui/comment.go:13.24,16.3 2 1
github.com/misham/linear-cli/internal/ui/comment.go:18.2,18.19 1 1
github.com/misham/linear-cli/internal/ui/comment.go:18.19,20.3 1 1
github.com/misham/linear-cli/internal/ui/comment.go:21.2,21.43 1 0
github.com/misham/linear-cli/internal/ui/comment.go:24.42,25.19 1 1
github.com/misham/linear-cli/internal/ui/comment.go:25.19,27.3 1 1
github.com/misham/linear-cli/internal/ui/comment.go:28.2,28.20 1 1
github.com/misham/linear-cli/internal/ui/comment.go:31.71,32.29 1 1
github.com/misham/linear-cli/internal/ui/comment.go:32.29,37.17 1 1
github.com/misham/linear-cli/internal/ui/comment.go:37.17,39.4 1 0
github.com/misham/linear-cli/internal/ui/comment.go:41.2,41.12 1 1
github.com/misham/linear-cli/internal/ui/comment.go:44.72,49.29 4 0
github.com/misham/linear-cli/internal/ui/comment.go:49.29,50.12 1 0
github.com/misham/linear-cli/internal/ui/comment.go:50.12,52.4 1 0
github.com/misham/linear-cli/internal/ui/comment.go:53.3,54.30 2 0
github.com/misham/linear-cli/internal/ui/comment.go:56.2,56.15 1 0
github.com/misham/linear-cli/internal/ui/cycle.go:16.39,17.9 1 1
github.com/misham/linear-cli/internal/ui/cycle.go:18.18,19.18 1 1
github.com/misham/linear-cli/internal/ui/cycle.go:20.16,21.16 1 1
github.com/misham/linear-cli/internal/ui/cycle.go:22.16,23.16 1 1
github.com/misham/linear-cli/internal/ui/cycle.go:24.10,25.18 1 1
github.com/misham/linear-cli/internal/ui/cycle.go:30.60,31.22 1 1
github.com/misham/linear-cli/internal/ui/cycle.go:31.22,34.3 2 1
github.com/misham/linear-cli/internal/ui/cycle.go:35.2,35.19 1 1
github.com/misham/linear-cli/internal/ui/cycle.go:35.19,37.3 1 1
github.com/misham/linear-cli/internal/ui/cycle.go:38.2,38.39 1 1
github.com/misham/linear-cli/internal/ui/cycle.go:41.65,42.27 1 1
github.com/misham/linear-cli/internal/ui/cycle.go:42.27,50.17 1 1
github.com/misham/linear-cli/internal/ui/cycle.go:50.17,52.4 1 0
github.com/misham/linear-cli/internal/ui/cycle.go:54.2,54.12 1 1
github.com/misham/linear-cli/internal/ui/cycle.go:57.66,59.27 2 1
github.com/misham/linear-cli/internal/ui/cycle.go:59.27,60.54 1 1
github.com/misham/linear-cli/internal/ui/cycle.go:60.54,62.4 1 0
github.com/misham/linear-cli/internal/ui/cycle.go:63.3,63.34 1 1
github.com/misham/linear-cli/internal/ui/cycle.go:63.34,65.4 1 1
github.com/misham/linear-cli/internal/ui/cycle.go:66.3,66.45 1 1
github.com/misham/linear-cli/internal/ui/cycle.go:66.45,68.4 1 0
github.com/misham/linear-cli/internal/ui/cycle.go:69.3,70.35 2 1
github.com/misham/linear-cli/internal/ui/cycle.go:70.35,72.4 1 1
github.com/misham/linear-cli/internal/ui/cycle.go:75.2,84.27 4 1
github.com/misham/linear-cli/internal/ui/cycle.go:84.27,91.17 6 1
github.com/misham/linear-cli/internal/ui/cycle.go:91.17,93.4 1 1
github.com/misham/linear-cli/internal/ui/cycle.go:95.3,101.4 1 1
github.com/misham/linear-cli/internal/ui/cycle.go:103.2,103.15 1 1
github.com/misham/linear-cli/internal/ui/cycle.go:107.63,108.19 1 1
github.com/misham/linear-cli/internal/ui/cycle.go:108.19,110.3 1 1
github.com/misham/linear-cli/internal/ui/cycle.go:111.2,111.43 1 1
github.com/misham/linear-cli/internal/ui/cycle.go:114.64,123.25 7 1
github.com/misham/linear-cli/internal/ui/cycle.go:123.25,125.3 1 1
github.com/misham/linear-cli/internal/ui/cycle.go:127.2,130.26 3 1
github.com/misham/linear-cli/internal/ui/cycle.go:130.26,132.3 1 1
github.com/misham/linear-cli/internal/ui/cycle.go:134.2,134.15 1 1
github.com/misham/linear-cli/internal/ui/cycle.go:137.65,144.16 5 1
github.com/misham/linear-cli/internal/ui/cycle.go:144.16,146.3 1 1
github.com/misham/linear-cli/internal/ui/cycle.go:147.2,152.25 5 1
github.com/misham/linear-cli/internal/ui/cycle.go:152.25,154.3 1 0
github.com/misham/linear-cli/internal/ui/cycle.go:156.2,159.26 3 1
github.com/misham/linear-cli/internal/ui/cycle.go:159.26,161.3 1 0
github.com/misham/linear-cli/internal/ui/cycle.go:163.2,163.15 1 1
github.com/misham/linear-cli/internal/ui/errors.go:12.43,13.17 1 1
github.com/misham/linear-cli/internal/ui/errors.go:13.17,16.3 2 1
github.com/misham/linear-cli/internal/ui/errors.go:17.2,17.81 1 1
github.com/misham/linear-cli/internal/ui/iostreams.go:20.36,22.2 1 1
github.com/misham/linear-cli/internal/ui/iostreams.go:25.38,27.2 1 1
github.com/misham/linear-cli/internal/ui/iostreams.go:30.32,37.2 1 0
github.com/misham/linear-cli/internal/ui/iostreams.go:40.36,47.2 1 1
github.com/misham/linear-cli/internal/ui/issue.go:26.54,27.19 1 1
github.com/misham/linear-cli/internal/ui/issue.go:27.19,29.3 1 0
github.com/misham/linear-cli/internal/ui/issue.go:30.2,30.45 1 1
github.com/misham/linear-cli/internal/ui/issue.go:34.60,35.22 1 1
github.com/misham/linear-cli/internal/ui/issue.go:35.22,38.3 2 1
github.com/misham/linear-cli/internal/ui/issue.go:40.2,40.19 1 1
github.com/misham/linear-cli/internal/ui/issue.go:40.19,42.3 1 1
github.com/misham/linear-cli/internal/ui/issue.go:43.2,43.39 1 0
github.com/misham/linear-cli/internal/ui/issue.go:46.39,47.14 1 1
github.com/misham/linear-cli/internal/ui/issue.go:47.14,49.3 1 1
github.com/misham/linear-cli/internal/ui/issue.go:50.2,50.15 1 1
github.com/misham/linear-cli/internal/ui/issue.go:53.65,54.31 1 1
github.com/misham/linear-cli/internal/ui/issue.go:54.31,61.17 1 1
github.com/misham/linear-cli/internal/ui/issue.go:61.17,63.4 1 0
github.com/misham/linear-cli/internal/ui/issue.go:65.2,65.12 1 1
github.com/misham/linear-cli/internal/ui/issue.go:70.60,71.40 1 1
github.com/misham/linear-cli/internal/ui/issue.go:71.40,73.3 1 1
github.com/misham/linear-cli/internal/ui/issue.go:74.2,74.15 1 1
github.com/misham/linear-cli/internal/ui/issue.go:77.66,81.31 2 0
github.com/misham/linear-cli/internal/ui/issue.go:81.31,82.42 1 0
github.com/misham/linear-cli/internal/ui/issue.go:82.42,84.4 1 0
github.com/misham/linear-cli/internal/ui/issue.go:85.3,85.40 1 0
github.com/misham/linear-cli/internal/ui/issue.go:85.40,87.4 1 0
github.com/misham/linear-cli/internal/ui/issue.go:88.3,88.45 1 0
github.com/misham/linear-cli/internal/ui/issue.go:88.45,90.4 1 0
github.com/misham/linear-cli/internal/ui/issue.go:91.3,91.47 1 0
github.com/misham/linear-cli/internal/ui/issue.go:91.47,93.4 1 0
github.com/misham/linear-cli/internal/ui/issue.go:96.2,105.31 4 0
github.com/misham/linear-cli/internal/ui/issue.go:105.31,113.3 1 0
github.com/misham/linear-cli/internal/ui/issue.go:114.2,114.15 1 0
github.com/misham/linear-cli/internal/ui/issue.go:118.63,119.19 1 1
github.com/misham/linear-cli/internal/ui/issue.go:119.19,121.3 1 1
github.com/misham/linear-cli/internal/ui/issue.go:122.2,122.43 1 0
github.com/misham/linear-cli/internal/ui/issue.go:125.68,133.27 6 1
github.com/misham/linear-cli/internal/ui/issue.go:133.27,135.3 1 1
github.com/misham/linear-cli/internal/ui/issue.go:135.8,137.3 1 1
github.com/misham/linear-cli/internal/ui/issue.go:139.2,139.24 1 1
github.com/misham/linear-cli/internal/ui/issue.go:139.24,141.3 1 1
github.com/misham/linear-cli/internal/ui/issue.go:142.2,142.25 1 1
github.com/misham/linear-cli/internal/ui/issue.go:142.25,144.3 1 1
github.com/misham/linear-cli/internal/ui/issue.go:146.2,146.27 1 1
github.com/misham/linear-cli/internal/ui/issue.go:146.27,148.34 2 1
github.com/misham/linear-cli/internal/ui/issue.go:148.34,150.4 1 1
github.com/misham/linear-cli/internal/ui/issue.go:151.3,151.58 1 1
github.com/misham/linear-cli/internal/ui/issue.go:154.2,158.30 4 1
github.com/misham/linear-cli/internal/ui/issue.go:158.30,160.3 1 1
github.com/misham/linear-cli/internal/ui/issue.go:162.2,162.29 1 1
github.com/misham/linear-cli/internal/ui/issue.go:162.29,164.3 1 1
github.com/misham/linear-cli/internal/ui/issue.go:166.2,166.29 1 1
github.com/misham/linear-cli/internal/ui/issue.go:166.29,168.36 2 1
github.com/misham/linear-cli/internal/ui/issue.go:168.36,170.21 2 1
github.com/misham/linear-cli/internal/ui/issue.go:170.21,172.5 1 1
github.com/misham/linear-cli/internal/ui/issue.go:173.4,174.33 2 1
github.com/misham/linear-cli/internal/ui/issue.go:178.2,178.15 1 1
github.com/misham/linear-cli/internal/ui/issue.go:181.69,189.27 6 0
github.com/misham/linear-cli/internal/ui/issue.go:189.27,191.3 1 0
github.com/misham/linear-cli/internal/ui/issue.go:191.8,193.3 1 0
github.com/misham/linear-cli/internal/ui/issue.go:195.2,195.24 1 0
github.com/misham/linear-cli/internal/ui/issue.go:195.24,197.3 1 0
github.com/misham/linear-cli/internal/ui/issue.go:198.2,198.25 1 0
github.com/misham/linear-cli/internal/ui/issue.go:198.25,200.3 1 0
github.com/misham/linear-cli/internal/ui/issue.go:202.2,202.27 1 0
github.com/misham/linear-cli/internal/ui/issue.go:202.27,204.34 2 0
github.com/misham/linear-cli/internal/ui/issue.go:204.34,206.4 1 0
github.com/misham/linear-cli/internal/ui/issue.go:207.3,207.82 1 0
github.com/misham/linear-cli/internal/ui/issue.go:210.2,214.30 4 0
github.com/misham/linear-cli/internal/ui/issue.go:214.30,216.3 1 0
github.com/misham/linear-cli/internal/ui/issue.go:218.2,218.29 1 0
github.com/misham/linear-cli/internal/ui/issue.go:218.29,220.3 1 0
github.com/misham/linear-cli/internal/ui/issue.go:222.2,222.29 1 0
github.com/misham/linear-cli/internal/ui/issue.go:222.29,224.36 2 0
github.com/misham/linear-cli/internal/ui/issue.go:224.36,226.21 2 0
github.com/misham/linear-cli/internal/ui/issue.go:226.21,228.5 1 0
github.com/misham/linear-cli/internal/ui/issue.go:229.4,230.33 2 0
github.com/misham/linear-cli/internal/ui/issue.go:234.2,234.15 1 0
github.com/misham/linear-cli/internal/ui/issue.go:238.64,239.19 1 0
github.com/misham/linear-cli/internal/ui/issue.go:239.19,242.3 2 0
github.com/misham/linear-cli/internal/ui/issue.go:243.2,248.12 2 0
github.com/misham/linear-cli/internal/ui/issue.go:252.64,253.19 1 0
github.com/misham/linear-cli/internal/ui/issue.go:253.19,256.3 2 0
github.com/misham/linear-cli/internal/ui/issue.go:257.2,262.12 2 0
github.com/misham/linear-cli/internal/ui/team.go:18.57,19.21 1 1
github.com/misham/linear-cli/internal/ui/team.go:19.21,22.3 2 1
github.com/misham/linear-cli/internal/ui/team.go:24.2,24.19 1 1
github.com/misham/linear-cli/internal/ui/team.go:24.19,26.3 1 1
github.com/misham/linear-cli/internal/ui/team.go:27.2,27.37 1 1
github.com/misham/linear-cli/internal/ui/team.go:30.62,31.29 1 1
github.com/misham/linear-cli/internal/ui/team.go:31.29,32.104 1 1
github.com/misham/linear-cli/internal/ui/team.go:32.104,34.4 1 0
github.com/misham/linear-cli/internal/ui/team.go:36.2,36.12 1 1
github.com/misham/linear-cli/internal/ui/team.go:39.63,47.51 3 1
github.com/misham/linear-cli/internal/ui/team.go:47.51,49.3 1 0
github.com/misham/linear-cli/internal/ui/team.go:51.2,51.29 1 1
github.com/misham/linear-cli/internal/ui/team.go:51.29,57.49 2 1
github.com/misham/linear-cli/internal/ui/team.go:57.49,59.4 1 0
github.com/misham/linear-cli/internal/ui/team.go:62.2,62.18 1 1
github.com/misham/linear-cli/internal/ui/user.go:17.54,18.19 1 1
github.com/misham/linear-cli/internal/ui/user.go:18.19,20.3 1 1
github.com/misham/linear-cli/internal/ui/user.go:21.2,21.35 1 1
github.com/misham/linear-cli/internal/ui/user.go:24.59,28.2 2 1
github.com/misham/linear-cli/internal/ui/user.go:30.60,42.27 2 1
github.com/misham/linear-cli/internal/ui/user.go:42.27,46.17 1 1
github.com/misham/linear-cli/internal/ui/user.go:46.17,48.4 1 0
github.com/misham/linear-cli/internal/ui/user.go:50.2,50.12 1 1
